0 info it worked if it ends with ok
1 verbose cli [ 'node', '/usr/local/bin/npm', 'install', 'eventmachine' ]
2 info using npm@2.7.0
3 info using node@v0.10.35
4 verbose node symlink /usr/local/bin/node
5 warn package.json tessel-webserver-demo@1.0.1 No repository field.
6 silly cache add args [ 'eventmachine', null ]
7 verbose cache add spec eventmachine
8 silly cache add parsed spec { raw: 'eventmachine',
8 silly cache add   scope: null,
8 silly cache add   name: 'eventmachine',
8 silly cache add   rawSpec: '',
8 silly cache add   spec: '*',
8 silly cache add   type: 'range' }
9 verbose addNamed eventmachine@*
10 silly addNamed semver.valid null
11 silly addNamed semver.validRange *
12 silly addNameRange { name: 'eventmachine', range: '*', hasData: false }
13 silly mapToRegistry name eventmachine
14 silly mapToRegistry using default registry
15 silly mapToRegistry registry https://registry.npmjs.org/
16 silly mapToRegistry uri https://registry.npmjs.org/eventmachine
17 verbose addNameRange registry:https://registry.npmjs.org/eventmachine not in flight; fetching
18 verbose request uri https://registry.npmjs.org/eventmachine
19 verbose request no auth needed
20 info attempt registry request try #1 at 01:05:49
21 verbose request id 1739099f993ee36b
22 http request GET https://registry.npmjs.org/eventmachine
23 http 404 https://registry.npmjs.org/eventmachine
24 verbose headers { server: 'CouchDB/1.5.0 (Erlang OTP/R16B03)',
24 verbose headers   'content-type': 'application/json',
24 verbose headers   'cache-control': 'max-age=0',
24 verbose headers   'content-length': '51',
24 verbose headers   'accept-ranges': 'bytes',
24 verbose headers   date: 'Sat, 23 May 2015 06:05:52 GMT',
24 verbose headers   via: '1.1 varnish',
24 verbose headers   age: '0',
24 verbose headers   connection: 'keep-alive',
24 verbose headers   'x-served-by': 'cache-ord1720-ORD',
24 verbose headers   'x-cache': 'MISS',
24 verbose headers   'x-cache-hits': '0',
24 verbose headers   'x-timer': 'S1432361152.384659,VS0,VE275' }
25 silly get cb [ 404,
25 silly get   { server: 'CouchDB/1.5.0 (Erlang OTP/R16B03)',
25 silly get     'content-type': 'application/json',
25 silly get     'cache-control': 'max-age=0',
25 silly get     'content-length': '51',
25 silly get     'accept-ranges': 'bytes',
25 silly get     date: 'Sat, 23 May 2015 06:05:52 GMT',
25 silly get     via: '1.1 varnish',
25 silly get     age: '0',
25 silly get     connection: 'keep-alive',
25 silly get     'x-served-by': 'cache-ord1720-ORD',
25 silly get     'x-cache': 'MISS',
25 silly get     'x-cache-hits': '0',
25 silly get     'x-timer': 'S1432361152.384659,VS0,VE275' } ]
26 verbose stack Error: 404 Not Found: eventmachine
26 verbose stack     at CachingRegistryClient.<anonymous> (/usr/local/lib/node_modules/npm/node_modules/npm-registry-client/lib/request.js:251:14)
26 verbose stack     at Request._callback (/usr/local/lib/node_modules/npm/node_modules/npm-registry-client/lib/request.js:178:14)
26 verbose stack     at Request.self.callback (/usr/local/lib/node_modules/npm/node_modules/request/request.js:344:22)
26 verbose stack     at Request.emit (events.js:98:17)
26 verbose stack     at Request.<anonymous> (/usr/local/lib/node_modules/npm/node_modules/request/request.js:1239:14)
26 verbose stack     at Request.emit (events.js:117:20)
26 verbose stack     at IncomingMessage.<anonymous> (/usr/local/lib/node_modules/npm/node_modules/request/request.js:1187:12)
26 verbose stack     at IncomingMessage.emit (events.js:117:20)
26 verbose stack     at _stream_readable.js:944:16
26 verbose stack     at process._tickCallback (node.js:442:13)
27 verbose statusCode 404
28 verbose pkgid eventmachine
29 verbose cwd /Volumes/ExtraSSD/code/aws-dashboard
30 error Darwin 14.1.0
31 error argv "node" "/usr/local/bin/npm" "install" "eventmachine"
32 error node v0.10.35
33 error npm  v2.7.0
34 error code E404
35 error 404 Not Found: eventmachine
35 error 404
35 error 404 'eventmachine' is not in the npm registry.
35 error 404 You should bug the author to publish it (or use the name yourself!)
35 error 404
35 error 404 Note that you can also install from a
35 error 404 tarball, folder, http url, or git url.
36 verbose exit [ 1, true ]
